This file contains any messages produced by compilers while
running configure, to aid debugging if configure makes a mistake.

It was created by cppcodefragments configure 1.0, which was
generated by GNU Autoconf 2.69.  Invocation command line was

  $ ./configure 

## --------- ##
## Platform. ##
## --------- ##

hostname = localhost
uname -m = x86_64
uname -r = 3.10.0-1062.1.2.el7.x86_64
uname -s = Linux
uname -v = #1 SMP Mon Sep 30 14:19:46 UTC 2019

/usr/bin/uname -p = x86_64
/bin/uname -X     = unknown

/bin/arch              = x86_64
/usr/bin/arch -k       = unknown
/usr/convex/getsysinfo = unknown
/usr/bin/hostinfo      = unknown
/bin/machine           = unknown
/usr/bin/oslevel       = unknown
/bin/universe          = unknown

PATH: /usr/lib64/qt-3.3/bin
PATH: /usr/local/bin
PATH: /usr/local/sbin
PATH: /usr/bin
PATH: /usr/sbin
PATH: /bin
PATH: /sbin
PATH: /home/akira_asakura/.local/bin
PATH: /home/akira_asakura/bin


## ----------- ##
## Core tests. ##
## ----------- ##

configure:2575: checking build system type
configure:2589: result: x86_64-unknown-linux-gnu
configure:2609: checking host system type
configure:2622: result: x86_64-unknown-linux-gnu
configure:2663: checking how to print strings
configure:2690: result: printf
configure:2759: checking for gcc
configure:2775: found /usr/bin/gcc
configure:2786: result: gcc
configure:3015: checking for C compiler version
configure:3024: gcc --version >&5
gcc (GCC) 4.8.5 20150623 (Red Hat 4.8.5-39)
Copyright (C) 2015 Free Software Foundation, Inc.
This is free software; see the source for copying conditions.  There is NO
warranty; not even for MERCHANTABILITY or FITNESS FOR A PARTICULAR PURPOSE.

configure:3035: $? = 0
configure:3024: gcc -v >&5
Using built-in specs.
COLLECT_GCC=gcc
COLLECT_LTO_WRAPPER=/usr/libexec/gcc/x86_64-redhat-linux/4.8.5/lto-wrapper
Target: x86_64-redhat-linux
Configured with: ../configure --prefix=/usr --mandir=/usr/share/man --infodir=/usr/share/info --with-bugurl=http://bugzilla.redhat.com/bugzilla --enable-bootstrap --enable-shared --enable-threads=posix --enable-checking=release --with-system-zlib --enable-__cxa_atexit --disable-libunwind-exceptions --enable-gnu-unique-object --enable-linker-build-id --with-linker-hash-style=gnu --enable-languages=c,c++,objc,obj-c++,java,fortran,ada,go,lto --enable-plugin --enable-initfini-array --disable-libgcj --with-isl=/builddir/build/BUILD/gcc-4.8.5-20150702/obj-x86_64-redhat-linux/isl-install --with-cloog=/builddir/build/BUILD/gcc-4.8.5-20150702/obj-x86_64-redhat-linux/cloog-install --enable-gnu-indirect-function --with-tune=generic --with-arch_32=x86-64 --build=x86_64-redhat-linux
Thread model: posix
gcc version 4.8.5 20150623 (Red Hat 4.8.5-39) (GCC) 
configure:3035: $? = 0
configure:3024: gcc -V >&5
gcc: error: unrecognized command line option '-V'
gcc: fatal error: no input files
compilation terminated.
configure:3035: $? = 4
configure:3024: gcc -qversion >&5
gcc: error: unrecognized command line option '-qversion'
gcc: fatal error: no input files
compilation terminated.
configure:3035: $? = 4
configure:3055: checking whether the C compiler works
configure:3077: gcc    conftest.c  >&5
configure:3081: $? = 0
configure:3129: result: yes
configure:3132: checking for C compiler default output file name
configure:3134: result: a.out
configure:3140: checking for suffix of executables
configure:3147: gcc -o conftest    conftest.c  >&5
configure:3151: $? = 0
configure:3173: result: 
configure:3195: checking whether we are cross compiling
configure:3203: gcc -o conftest    conftest.c  >&5
configure:3207: $? = 0
configure:3214: ./conftest
configure:3218: $? = 0
configure:3233: result: no
configure:3238: checking for suffix of object files
configure:3260: gcc -c   conftest.c >&5
configure:3264: $? = 0
configure:3285: result: o
configure:3289: checking whether we are using the GNU C compiler
configure:3308: gcc -c   conftest.c >&5
configure:3308: $? = 0
configure:3317: result: yes
configure:3326: checking whether gcc accepts -g
configure:3346: gcc -c -g  conftest.c >&5
configure:3346: $? = 0
configure:3387: result: yes
configure:3404: checking for gcc option to accept ISO C89
configure:3467: gcc  -c -g -O2  conftest.c >&5
configure:3467: $? = 0
configure:3480: result: none needed
configure:3500: checking for a sed that does not truncate output
configure:3564: result: /usr/bin/sed
configure:3582: checking for grep that handles long lines and -e
configure:3640: result: /usr/bin/grep
configure:3645: checking for egrep
configure:3707: result: /usr/bin/grep -E
configure:3712: checking for fgrep
configure:3774: result: /usr/bin/grep -F
configure:3809: checking for ld used by gcc
configure:3876: result: /usr/bin/ld
configure:3883: checking if the linker (/usr/bin/ld) is GNU ld
configure:3898: result: yes
configure:3910: checking for BSD- or MS-compatible name lister (nm)
configure:3959: result: /usr/bin/nm -B
configure:4089: checking the name lister (/usr/bin/nm -B) interface
configure:4096: gcc -c -g -O2  conftest.c >&5
configure:4099: /usr/bin/nm -B "conftest.o"
configure:4102: output
0000000000000000 B some_variable
configure:4109: result: BSD nm
configure:4112: checking whether ln -s works
configure:4116: result: yes
configure:4124: checking the maximum length of command line arguments
configure:4254: result: 1572864
configure:4271: checking whether the shell understands some XSI constructs
configure:4281: result: yes
configure:4285: checking whether the shell understands "+="
configure:4291: result: yes
configure:4326: checking how to convert x86_64-unknown-linux-gnu file names to x86_64-unknown-linux-gnu format
configure:4366: result: func_convert_file_noop
configure:4373: checking how to convert x86_64-unknown-linux-gnu file names to toolchain format
configure:4393: result: func_convert_file_noop
configure:4400: checking for /usr/bin/ld option to reload object files
configure:4407: result: -r
configure:4481: checking for objdump
configure:4497: found /usr/bin/objdump
configure:4508: result: objdump
configure:4540: checking how to recognize dependent libraries
configure:4742: result: pass_all
configure:4827: checking for dlltool
configure:4857: result: no
configure:4887: checking how to associate runtime and link libraries
configure:4914: result: printf %s\n
configure:4975: checking for ar
configure:4991: found /usr/bin/ar
configure:5002: result: ar
configure:5039: checking for archiver @FILE support
configure:5056: gcc -c -g -O2  conftest.c >&5
configure:5056: $? = 0
configure:5059: ar cru libconftest.a @conftest.lst >&5
configure:5062: $? = 0
configure:5067: ar cru libconftest.a @conftest.lst >&5
ar: conftest.o: No such file or directory
configure:5070: $? = 1
configure:5082: result: @
configure:5140: checking for strip
configure:5156: found /usr/bin/strip
configure:5167: result: strip
configure:5239: checking for ranlib
configure:5255: found /usr/bin/ranlib
configure:5266: result: ranlib
configure:5343: checking for gawk
configure:5359: found /usr/bin/gawk
configure:5370: result: gawk
configure:5410: checking command to parse /usr/bin/nm -B output from gcc object
configure:5530: gcc -c -g -O2  conftest.c >&5
configure:5533: $? = 0
configure:5537: /usr/bin/nm -B conftest.o \| sed -n -e 's/^.*[ ]\([ABCDGIRSTW][ABCDGIRSTW]*\)[ ][ ]*\([_A-Za-z][_A-Za-z0-9]*\)$/\1 \2 \2/p' | sed '/ __gnu_lto/d' \> conftest.nm
configure:5540: $? = 0
configure:5606: gcc -o conftest -g -O2   conftest.c conftstm.o >&5
configure:5609: $? = 0
configure:5647: result: ok
configure:5684: checking for sysroot
configure:5714: result: no
configure:5791: gcc -c -g -O2  conftest.c >&5
configure:5794: $? = 0
configure:5970: checking for mt
configure:6000: result: no
configure:6020: checking if : is a manifest tool
configure:6026: : '-?'
configure:6034: result: no
configure:6676: checking how to run the C preprocessor
configure:6707: gcc -E  conftest.c
configure:6707: $? = 0
configure:6721: gcc -E  conftest.c
conftest.c:9:28: fatal error: ac_nonexistent.h: No such file or directory
 #include <ac_nonexistent.h>
                            ^
compilation terminated.
configure:6721: $? = 1
configure: failed program was:
| /* confdefs.h */
| #define PACKAGE_NAME "cppcodefragments"
| #define PACKAGE_TARNAME "cppcodefragments"
| #define PACKAGE_VERSION "1.0"
| #define PACKAGE_STRING "cppcodefragments 1.0"
| #define PACKAGE_BUGREPORT "asakura@kbd.biglobe.ne.jp"
| #define PACKAGE_URL ""
| /* end confdefs.h.  */
| #include <ac_nonexistent.h>
configure:6746: result: gcc -E
configure:6766: gcc -E  conftest.c
configure:6766: $? = 0
configure:6780: gcc -E  conftest.c
conftest.c:9:28: fatal error: ac_nonexistent.h: No such file or directory
 #include <ac_nonexistent.h>
                            ^
compilation terminated.
configure:6780: $? = 1
configure: failed program was:
| /* confdefs.h */
| #define PACKAGE_NAME "cppcodefragments"
| #define PACKAGE_TARNAME "cppcodefragments"
| #define PACKAGE_VERSION "1.0"
| #define PACKAGE_STRING "cppcodefragments 1.0"
| #define PACKAGE_BUGREPORT "asakura@kbd.biglobe.ne.jp"
| #define PACKAGE_URL ""
| /* end confdefs.h.  */
| #include <ac_nonexistent.h>
configure:6809: checking for ANSI C header files
configure:6829: gcc -c -g -O2  conftest.c >&5
configure:6829: $? = 0
configure:6902: gcc -o conftest -g -O2   conftest.c  >&5
configure:6902: $? = 0
configure:6902: ./conftest
configure:6902: $? = 0
configure:6913: result: yes
configure:6926: checking for sys/types.h
configure:6926: gcc -c -g -O2  conftest.c >&5
configure:6926: $? = 0
configure:6926: result: yes
configure:6926: checking for sys/stat.h
configure:6926: gcc -c -g -O2  conftest.c >&5
configure:6926: $? = 0
configure:6926: result: yes
configure:6926: checking for stdlib.h
configure:6926: gcc -c -g -O2  conftest.c >&5
configure:6926: $? = 0
configure:6926: result: yes
configure:6926: checking for string.h
configure:6926: gcc -c -g -O2  conftest.c >&5
configure:6926: $? = 0
configure:6926: result: yes
configure:6926: checking for memory.h
configure:6926: gcc -c -g -O2  conftest.c >&5
configure:6926: $? = 0
configure:6926: result: yes
configure:6926: checking for strings.h
configure:6926: gcc -c -g -O2  conftest.c >&5
configure:6926: $? = 0
configure:6926: result: yes
configure:6926: checking for inttypes.h
configure:6926: gcc -c -g -O2  conftest.c >&5
configure:6926: $? = 0
configure:6926: result: yes
configure:6926: checking for stdint.h
configure:6926: gcc -c -g -O2  conftest.c >&5
configure:6926: $? = 0
configure:6926: result: yes
configure:6926: checking for unistd.h
configure:6926: gcc -c -g -O2  conftest.c >&5
configure:6926: $? = 0
configure:6926: result: yes
configure:6940: checking for dlfcn.h
configure:6940: gcc -c -g -O2  conftest.c >&5
configure:6940: $? = 0
configure:6940: result: yes
configure:7146: checking for objdir
configure:7161: result: .libs
configure:7428: checking if gcc supports -fno-rtti -fno-exceptions
configure:7446: gcc -c -g -O2  -fno-rtti -fno-exceptions conftest.c >&5
cc1: warning: command line option '-fno-rtti' is valid for C++/ObjC++ but not for C [enabled by default]
configure:7450: $? = 0
configure:7463: result: no
configure:7790: checking for gcc option to produce PIC
configure:7797: result: -fPIC -DPIC
configure:7805: checking if gcc PIC flag -fPIC -DPIC works
configure:7823: gcc -c -g -O2  -fPIC -DPIC -DPIC conftest.c >&5
configure:7827: $? = 0
configure:7840: result: yes
configure:7869: checking if gcc static flag -static works
configure:7897: result: no
configure:7912: checking if gcc supports -c -o file.o
configure:7933: gcc -c -g -O2  -o out/conftest2.o conftest.c >&5
configure:7937: $? = 0
configure:7959: result: yes
configure:7967: checking if gcc supports -c -o file.o
configure:8014: result: yes
configure:8047: checking whether the gcc linker (/usr/bin/ld -m elf_x86_64) supports shared libraries
configure:9200: result: yes
configure:9237: checking whether -lc should be explicitly linked in
configure:9245: gcc -c -g -O2  conftest.c >&5
configure:9248: $? = 0
configure:9263: gcc -shared  -fPIC -DPIC conftest.o  -v -Wl,-soname -Wl,conftest -o conftest 2\>\&1 \| /usr/bin/grep  -lc  \>/dev/null 2\>\&1
configure:9266: $? = 0
configure:9280: result: no
configure:9440: checking dynamic linker characteristics
configure:9951: gcc -o conftest -g -O2   -Wl,-rpath -Wl,/foo conftest.c  >&5
configure:9951: $? = 0
configure:10177: result: GNU/Linux ld.so
configure:10284: checking how to hardcode library paths into programs
configure:10309: result: immediate
configure:10849: checking whether stripping libraries is possible
configure:10854: result: yes
configure:10889: checking if libtool supports shared libraries
configure:10891: result: yes
configure:10894: checking whether to build shared libraries
configure:10915: result: yes
configure:10918: checking whether to build static libraries
configure:10922: result: yes
configure:10966: checking which extension is used for runtime loadable modules
configure:10978: result: .so
configure:10995: checking which variable specifies run-time module search path
configure:11002: result: LD_LIBRARY_PATH
configure:11012: checking for the default library search path
configure:11019: result: /lib64 /usr/lib64 /lib /usr/lib /usr/lib64//bind9-export/ /usr/lib64/dyninst /usr/lib64/iscsi /usr/local/lib64 /usr/lib64/mysql /usr/lib64/qt-3.3/lib 
configure:11049: checking for library containing dlopen
configure:11080: gcc -o conftest -g -O2   conftest.c  >&5
/tmp/ccKOTXQ4.o: In function `main':
/home/akira_asakura/src/cppcodefragments/conftest.c:35: undefined reference to `dlopen'
collect2: error: ld returned 1 exit status
configure:11080: $? = 1
configure: failed program was:
| /* confdefs.h */
| #define PACKAGE_NAME "cppcodefragments"
| #define PACKAGE_TARNAME "cppcodefragments"
| #define PACKAGE_VERSION "1.0"
| #define PACKAGE_STRING "cppcodefragments 1.0"
| #define PACKAGE_BUGREPORT "asakura@kbd.biglobe.ne.jp"
| #define PACKAGE_URL ""
| #define STDC_HEADERS 1
| #define HAVE_SYS_TYPES_H 1
| #define HAVE_SYS_STAT_H 1
| #define HAVE_STDLIB_H 1
| #define HAVE_STRING_H 1
| #define HAVE_MEMORY_H 1
| #define HAVE_STRINGS_H 1
| #define HAVE_INTTYPES_H 1
| #define HAVE_STDINT_H 1
| #define HAVE_UNISTD_H 1
| #define HAVE_DLFCN_H 1
| #define LT_OBJDIR ".libs/"
| #define LT_MODULE_EXT ".so"
| #define LT_MODULE_PATH_VAR "LD_LIBRARY_PATH"
| #define LT_DLSEARCH_PATH "/lib64:/usr/lib64:/lib:/usr/lib:/usr/lib64//bind9-export/:/usr/lib64/dyninst:/usr/lib64/iscsi:/usr/local/lib64:/usr/lib64/mysql:/usr/lib64/qt-3.3/lib"
| /* end confdefs.h.  */
| 
| /* Override any GCC internal prototype to avoid an error.
|    Use char because int might match the return type of a GCC
|    builtin and then its argument prototype would still apply.  */
| #ifdef __cplusplus
| extern "C"
| #endif
| char dlopen ();
| int
| main ()
| {
| return dlopen ();
|   ;
|   return 0;
| }
configure:11080: gcc -o conftest -g -O2   conftest.c -ldl   >&5
configure:11080: $? = 0
configure:11097: result: -ldl
configure:11187: checking for dlerror
configure:11187: gcc -o conftest -g -O2   conftest.c -ldl  -ldl >&5
configure:11187: $? = 0
configure:11187: result: yes
configure:11201: checking for shl_load
configure:11201: gcc -o conftest -g -O2   conftest.c -ldl  >&5
/tmp/ccGl5tQ8.o: In function `main':
/home/akira_asakura/src/cppcodefragments/conftest.c:60: undefined reference to `shl_load'
collect2: error: ld returned 1 exit status
configure:11201: $? = 1
configure: failed program was:
| /* confdefs.h */
| #define PACKAGE_NAME "cppcodefragments"
| #define PACKAGE_TARNAME "cppcodefragments"
| #define PACKAGE_VERSION "1.0"
| #define PACKAGE_STRING "cppcodefragments 1.0"
| #define PACKAGE_BUGREPORT "asakura@kbd.biglobe.ne.jp"
| #define PACKAGE_URL ""
| #define STDC_HEADERS 1
| #define HAVE_SYS_TYPES_H 1
| #define HAVE_SYS_STAT_H 1
| #define HAVE_STDLIB_H 1
| #define HAVE_STRING_H 1
| #define HAVE_MEMORY_H 1
| #define HAVE_STRINGS_H 1
| #define HAVE_INTTYPES_H 1
| #define HAVE_STDINT_H 1
| #define HAVE_UNISTD_H 1
| #define HAVE_DLFCN_H 1
| #define LT_OBJDIR ".libs/"
| #define LT_MODULE_EXT ".so"
| #define LT_MODULE_PATH_VAR "LD_LIBRARY_PATH"
| #define LT_DLSEARCH_PATH "/lib64:/usr/lib64:/lib:/usr/lib:/usr/lib64//bind9-export/:/usr/lib64/dyninst:/usr/lib64/iscsi:/usr/local/lib64:/usr/lib64/mysql:/usr/lib64/qt-3.3/lib"
| #define HAVE_LIBDL 1
| #define HAVE_DLERROR 1
| /* end confdefs.h.  */
| /* Define shl_load to an innocuous variant, in case <limits.h> declares shl_load.
|    For example, HP-UX 11i <limits.h> declares gettimeofday.  */
| #define shl_load innocuous_shl_load
| 
| /* System header to define __stub macros and hopefully few prototypes,
|     which can conflict with char shl_load (); below.
|     Prefer <limits.h> to <assert.h> if __STDC__ is defined, since
|     <limits.h> exists even on freestanding compilers.  */
| 
| #ifdef __STDC__
| # include <limits.h>
| #else
| # include <assert.h>
| #endif
| 
| #undef shl_load
| 
| /* Override any GCC internal prototype to avoid an error.
|    Use char because int might match the return type of a GCC
|    builtin and then its argument prototype would still apply.  */
| #ifdef __cplusplus
| extern "C"
| #endif
| char shl_load ();
| /* The GNU C library defines this for functions which it implements
|     to always fail with ENOSYS.  Some functions are actually named
|     something starting with __ and the normal name is an alias.  */
| #if defined __stub_shl_load || defined __stub___shl_load
| choke me
| #endif
| 
| int
| main ()
| {
| return shl_load ();
|   ;
|   return 0;
| }
configure:11201: result: no
configure:11208: checking for shl_load in -ldld
configure:11233: gcc -o conftest -g -O2   conftest.c -ldld  -ldl  >&5
/usr/bin/ld: cannot find -ldld
collect2: error: ld returned 1 exit status
configure:11233: $? = 1
configure: failed program was:
| /* confdefs.h */
| #define PACKAGE_NAME "cppcodefragments"
| #define PACKAGE_TARNAME "cppcodefragments"
| #define PACKAGE_VERSION "1.0"
| #define PACKAGE_STRING "cppcodefragments 1.0"
| #define PACKAGE_BUGREPORT "asakura@kbd.biglobe.ne.jp"
| #define PACKAGE_URL ""
| #define STDC_HEADERS 1
| #define HAVE_SYS_TYPES_H 1
| #define HAVE_SYS_STAT_H 1
| #define HAVE_STDLIB_H 1
| #define HAVE_STRING_H 1
| #define HAVE_MEMORY_H 1
| #define HAVE_STRINGS_H 1
| #define HAVE_INTTYPES_H 1
| #define HAVE_STDINT_H 1
| #define HAVE_UNISTD_H 1
| #define HAVE_DLFCN_H 1
| #define LT_OBJDIR ".libs/"
| #define LT_MODULE_EXT ".so"
| #define LT_MODULE_PATH_VAR "LD_LIBRARY_PATH"
| #define LT_DLSEARCH_PATH "/lib64:/usr/lib64:/lib:/usr/lib:/usr/lib64//bind9-export/:/usr/lib64/dyninst:/usr/lib64/iscsi:/usr/local/lib64:/usr/lib64/mysql:/usr/lib64/qt-3.3/lib"
| #define HAVE_LIBDL 1
| #define HAVE_DLERROR 1
| /* end confdefs.h.  */
| 
| /* Override any GCC internal prototype to avoid an error.
|    Use char because int might match the return type of a GCC
|    builtin and then its argument prototype would still apply.  */
| #ifdef __cplusplus
| extern "C"
| #endif
| char shl_load ();
| int
| main ()
| {
| return shl_load ();
|   ;
|   return 0;
| }
configure:11242: result: no
configure:11288: checking for dld_link in -ldld
configure:11313: gcc -o conftest -g -O2   conftest.c -ldld  -ldl  >&5
/usr/bin/ld: cannot find -ldld
collect2: error: ld returned 1 exit status
configure:11313: $? = 1
configure: failed program was:
| /* confdefs.h */
| #define PACKAGE_NAME "cppcodefragments"
| #define PACKAGE_TARNAME "cppcodefragments"
| #define PACKAGE_VERSION "1.0"
| #define PACKAGE_STRING "cppcodefragments 1.0"
| #define PACKAGE_BUGREPORT "asakura@kbd.biglobe.ne.jp"
| #define PACKAGE_URL ""
| #define STDC_HEADERS 1
| #define HAVE_SYS_TYPES_H 1
| #define HAVE_SYS_STAT_H 1
| #define HAVE_STDLIB_H 1
| #define HAVE_STRING_H 1
| #define HAVE_MEMORY_H 1
| #define HAVE_STRINGS_H 1
| #define HAVE_INTTYPES_H 1
| #define HAVE_STDINT_H 1
| #define HAVE_UNISTD_H 1
| #define HAVE_DLFCN_H 1
| #define LT_OBJDIR ".libs/"
| #define LT_MODULE_EXT ".so"
| #define LT_MODULE_PATH_VAR "LD_LIBRARY_PATH"
| #define LT_DLSEARCH_PATH "/lib64:/usr/lib64:/lib:/usr/lib:/usr/lib64//bind9-export/:/usr/lib64/dyninst:/usr/lib64/iscsi:/usr/local/lib64:/usr/lib64/mysql:/usr/lib64/qt-3.3/lib"
| #define HAVE_LIBDL 1
| #define HAVE_DLERROR 1
| /* end confdefs.h.  */
| 
| /* Override any GCC internal prototype to avoid an error.
|    Use char because int might match the return type of a GCC
|    builtin and then its argument prototype would still apply.  */
| #ifdef __cplusplus
| extern "C"
| #endif
| char dld_link ();
| int
| main ()
| {
| return dld_link ();
|   ;
|   return 0;
| }
configure:11322: result: no
configure:11356: checking for _ prefix in compiled symbols
configure:11366: gcc -c -g -O2  conftest.c >&5
configure:11369: $? = 0
configure:11373: /usr/bin/nm -B conftest.o \| sed -n -e 's/^.*[	 ]\([ABCDGIRSTW][ABCDGIRSTW]*\)[	 ][	 ]*\([_A-Za-z][_A-Za-z0-9]*\)$/\1 \2 \2/p' | sed '/ __gnu_lto/d' \> conftest.nm
configure:11376: $? = 0
configure:11398: result: no
configure:11522: checking whether deplibs are loaded by dlopen
configure:11616: result: yes
configure:11628: checking for argz.h
configure:11628: gcc -c -g -O2  conftest.c >&5
configure:11628: $? = 0
configure:11628: result: yes
configure:11640: checking for error_t
configure:11640: gcc -c -g -O2  conftest.c >&5
configure:11640: $? = 0
configure:11640: gcc -c -g -O2  conftest.c >&5
conftest.c: In function 'main':
conftest.c:35:22: error: expected expression before ')' token
 if (sizeof ((error_t)))
                      ^
configure:11640: $? = 1
configure: failed program was:
| /* confdefs.h */
| #define PACKAGE_NAME "cppcodefragments"
| #define PACKAGE_TARNAME "cppcodefragments"
| #define PACKAGE_VERSION "1.0"
| #define PACKAGE_STRING "cppcodefragments 1.0"
| #define PACKAGE_BUGREPORT "asakura@kbd.biglobe.ne.jp"
| #define PACKAGE_URL ""
| #define STDC_HEADERS 1
| #define HAVE_SYS_TYPES_H 1
| #define HAVE_SYS_STAT_H 1
| #define HAVE_STDLIB_H 1
| #define HAVE_STRING_H 1
| #define HAVE_MEMORY_H 1
| #define HAVE_STRINGS_H 1
| #define HAVE_INTTYPES_H 1
| #define HAVE_STDINT_H 1
| #define HAVE_UNISTD_H 1
| #define HAVE_DLFCN_H 1
| #define LT_OBJDIR ".libs/"
| #define LT_MODULE_EXT ".so"
| #define LT_MODULE_PATH_VAR "LD_LIBRARY_PATH"
| #define LT_DLSEARCH_PATH "/lib64:/usr/lib64:/lib:/usr/lib:/usr/lib64//bind9-export/:/usr/lib64/dyninst:/usr/lib64/iscsi:/usr/local/lib64:/usr/lib64/mysql:/usr/lib64/qt-3.3/lib"
| #define HAVE_LIBDL 1
| #define HAVE_DLERROR 1
| #define HAVE_LIBDLLOADER 1
| #define HAVE_ARGZ_H 1
| /* end confdefs.h.  */
| #if defined(HAVE_ARGZ_H)
| #  include <argz.h>
| #endif
| 
| int
| main ()
| {
| if (sizeof ((error_t)))
| 	    return 0;
|   ;
|   return 0;
| }
configure:11640: result: yes
configure:11666: checking for argz_add
configure:11666: gcc -o conftest -g -O2   conftest.c -ldl  >&5
configure:11666: $? = 0
configure:11666: result: yes
configure:11666: checking for argz_append
configure:11666: gcc -o conftest -g -O2   conftest.c -ldl  >&5
configure:11666: $? = 0
configure:11666: result: yes
configure:11666: checking for argz_count
configure:11666: gcc -o conftest -g -O2   conftest.c -ldl  >&5
configure:11666: $? = 0
configure:11666: result: yes
configure:11666: checking for argz_create_sep
configure:11666: gcc -o conftest -g -O2   conftest.c -ldl  >&5
configure:11666: $? = 0
configure:11666: result: yes
configure:11666: checking for argz_insert
configure:11666: gcc -o conftest -g -O2   conftest.c -ldl  >&5
configure:11666: $? = 0
configure:11666: result: yes
configure:11666: checking for argz_next
configure:11666: gcc -o conftest -g -O2   conftest.c -ldl  >&5
configure:11666: $? = 0
configure:11666: result: yes
configure:11666: checking for argz_stringify
configure:11666: gcc -o conftest -g -O2   conftest.c -ldl  >&5
configure:11666: $? = 0
configure:11666: result: yes
configure:11682: checking if argz actually works
configure:11713: result: yes
configure:11730: checking whether libtool supports -dlopen/-dlpreopen
configure:11742: result: yes
configure:11774: checking for ltdl.h
configure:11774: gcc -c -g -O2  conftest.c >&5
configure:11774: $? = 0
configure:11774: result: yes
configure:11778: checking whether lt_dlinterface_register is declared
configure:11778: gcc -c -g -O2  conftest.c >&5
configure:11778: $? = 0
configure:11778: result: yes
configure:11782: checking for lt_dladvise_preload in -lltdl
configure:11807: gcc -o conftest -g -O2   conftest.c -lltdl  -ldl  >&5
configure:11807: $? = 0
configure:11816: result: yes
configure:11911: checking where to find libltdl headers
configure:11913: result: 
configure:11915: checking where to find libltdl library
configure:11917: result: -lltdl
configure:11967: checking for unistd.h
configure:11967: result: yes
configure:11967: checking for dl.h
configure:11967: gcc -c -g -O2  conftest.c >&5
conftest.c:74:16: fatal error: dl.h: No such file or directory
 #include <dl.h>
                ^
compilation terminated.
configure:11967: $? = 1
configure: failed program was:
| /* confdefs.h */
| #define PACKAGE_NAME "cppcodefragments"
| #define PACKAGE_TARNAME "cppcodefragments"
| #define PACKAGE_VERSION "1.0"
| #define PACKAGE_STRING "cppcodefragments 1.0"
| #define PACKAGE_BUGREPORT "asakura@kbd.biglobe.ne.jp"
| #define PACKAGE_URL ""
| #define STDC_HEADERS 1
| #define HAVE_SYS_TYPES_H 1
| #define HAVE_SYS_STAT_H 1
| #define HAVE_STDLIB_H 1
| #define HAVE_STRING_H 1
| #define HAVE_MEMORY_H 1
| #define HAVE_STRINGS_H 1
| #define HAVE_INTTYPES_H 1
| #define HAVE_STDINT_H 1
| #define HAVE_UNISTD_H 1
| #define HAVE_DLFCN_H 1
| #define LT_OBJDIR ".libs/"
| #define LT_MODULE_EXT ".so"
| #define LT_MODULE_PATH_VAR "LD_LIBRARY_PATH"
| #define LT_DLSEARCH_PATH "/lib64:/usr/lib64:/lib:/usr/lib:/usr/lib64//bind9-export/:/usr/lib64/dyninst:/usr/lib64/iscsi:/usr/local/lib64:/usr/lib64/mysql:/usr/lib64/qt-3.3/lib"
| #define HAVE_LIBDL 1
| #define HAVE_DLERROR 1
| #define HAVE_LIBDLLOADER 1
| #define HAVE_ARGZ_H 1
| #define HAVE_ERROR_T 1
| #define HAVE_ARGZ_ADD 1
| #define HAVE_ARGZ_APPEND 1
| #define HAVE_ARGZ_COUNT 1
| #define HAVE_ARGZ_CREATE_SEP 1
| #define HAVE_ARGZ_INSERT 1
| #define HAVE_ARGZ_NEXT 1
| #define HAVE_ARGZ_STRINGIFY 1
| #define HAVE_WORKING_ARGZ 1
| #define HAVE_PRELOADED_SYMBOLS 1
| #define HAVE_LTDL 1
| #define HAVE_UNISTD_H 1
| /* end confdefs.h.  */
| #include <stdio.h>
| #ifdef HAVE_SYS_TYPES_H
| # include <sys/types.h>
| #endif
| #ifdef HAVE_SYS_STAT_H
| # include <sys/stat.h>
| #endif
| #ifdef STDC_HEADERS
| # include <stdlib.h>
| # include <stddef.h>
| #else
| # ifdef HAVE_STDLIB_H
| #  include <stdlib.h>
| # endif
| #endif
| #ifdef HAVE_STRING_H
| # if !defined STDC_HEADERS && defined HAVE_MEMORY_H
| #  include <memory.h>
| # endif
| # include <string.h>
| #endif
| #ifdef HAVE_STRINGS_H
| # include <strings.h>
| #endif
| #ifdef HAVE_INTTYPES_H
| # include <inttypes.h>
| #endif
| #ifdef HAVE_STDINT_H
| # include <stdint.h>
| #endif
| #ifdef HAVE_UNISTD_H
| # include <unistd.h>
| #endif
| 
| #include <dl.h>
configure:11967: result: no
configure:11967: checking for sys/dl.h
configure:11967: gcc -c -g -O2  conftest.c >&5
conftest.c:74:20: fatal error: sys/dl.h: No such file or directory
 #include <sys/dl.h>
                    ^
compilation terminated.
configure:11967: $? = 1
configure: failed program was:
| /* confdefs.h */
| #define PACKAGE_NAME "cppcodefragments"
| #define PACKAGE_TARNAME "cppcodefragments"
| #define PACKAGE_VERSION "1.0"
| #define PACKAGE_STRING "cppcodefragments 1.0"
| #define PACKAGE_BUGREPORT "asakura@kbd.biglobe.ne.jp"
| #define PACKAGE_URL ""
| #define STDC_HEADERS 1
| #define HAVE_SYS_TYPES_H 1
| #define HAVE_SYS_STAT_H 1
| #define HAVE_STDLIB_H 1
| #define HAVE_STRING_H 1
| #define HAVE_MEMORY_H 1
| #define HAVE_STRINGS_H 1
| #define HAVE_INTTYPES_H 1
| #define HAVE_STDINT_H 1
| #define HAVE_UNISTD_H 1
| #define HAVE_DLFCN_H 1
| #define LT_OBJDIR ".libs/"
| #define LT_MODULE_EXT ".so"
| #define LT_MODULE_PATH_VAR "LD_LIBRARY_PATH"
| #define LT_DLSEARCH_PATH "/lib64:/usr/lib64:/lib:/usr/lib:/usr/lib64//bind9-export/:/usr/lib64/dyninst:/usr/lib64/iscsi:/usr/local/lib64:/usr/lib64/mysql:/usr/lib64/qt-3.3/lib"
| #define HAVE_LIBDL 1
| #define HAVE_DLERROR 1
| #define HAVE_LIBDLLOADER 1
| #define HAVE_ARGZ_H 1
| #define HAVE_ERROR_T 1
| #define HAVE_ARGZ_ADD 1
| #define HAVE_ARGZ_APPEND 1
| #define HAVE_ARGZ_COUNT 1
| #define HAVE_ARGZ_CREATE_SEP 1
| #define HAVE_ARGZ_INSERT 1
| #define HAVE_ARGZ_NEXT 1
| #define HAVE_ARGZ_STRINGIFY 1
| #define HAVE_WORKING_ARGZ 1
| #define HAVE_PRELOADED_SYMBOLS 1
| #define HAVE_LTDL 1
| #define HAVE_UNISTD_H 1
| /* end confdefs.h.  */
| #include <stdio.h>
| #ifdef HAVE_SYS_TYPES_H
| # include <sys/types.h>
| #endif
| #ifdef HAVE_SYS_STAT_H
| # include <sys/stat.h>
| #endif
| #ifdef STDC_HEADERS
| # include <stdlib.h>
| # include <stddef.h>
| #else
| # ifdef HAVE_STDLIB_H
| #  include <stdlib.h>
| # endif
| #endif
| #ifdef HAVE_STRING_H
| # if !defined STDC_HEADERS && defined HAVE_MEMORY_H
| #  include <memory.h>
| # endif
| # include <string.h>
| #endif
| #ifdef HAVE_STRINGS_H
| # include <strings.h>
| #endif
| #ifdef HAVE_INTTYPES_H
| # include <inttypes.h>
| #endif
| #ifdef HAVE_STDINT_H
| # include <stdint.h>
| #endif
| #ifdef HAVE_UNISTD_H
| # include <unistd.h>
| #endif
| 
| #include <sys/dl.h>
configure:11967: result: no
configure:11967: checking for dld.h
configure:11967: gcc -c -g -O2  conftest.c >&5
conftest.c:74:17: fatal error: dld.h: No such file or directory
 #include <dld.h>
                 ^
compilation terminated.
configure:11967: $? = 1
configure: failed program was:
| /* confdefs.h */
| #define PACKAGE_NAME "cppcodefragments"
| #define PACKAGE_TARNAME "cppcodefragments"
| #define PACKAGE_VERSION "1.0"
| #define PACKAGE_STRING "cppcodefragments 1.0"
| #define PACKAGE_BUGREPORT "asakura@kbd.biglobe.ne.jp"
| #define PACKAGE_URL ""
| #define STDC_HEADERS 1
| #define HAVE_SYS_TYPES_H 1
| #define HAVE_SYS_STAT_H 1
| #define HAVE_STDLIB_H 1
| #define HAVE_STRING_H 1
| #define HAVE_MEMORY_H 1
| #define HAVE_STRINGS_H 1
| #define HAVE_INTTYPES_H 1
| #define HAVE_STDINT_H 1
| #define HAVE_UNISTD_H 1
| #define HAVE_DLFCN_H 1
| #define LT_OBJDIR ".libs/"
| #define LT_MODULE_EXT ".so"
| #define LT_MODULE_PATH_VAR "LD_LIBRARY_PATH"
| #define LT_DLSEARCH_PATH "/lib64:/usr/lib64:/lib:/usr/lib:/usr/lib64//bind9-export/:/usr/lib64/dyninst:/usr/lib64/iscsi:/usr/local/lib64:/usr/lib64/mysql:/usr/lib64/qt-3.3/lib"
| #define HAVE_LIBDL 1
| #define HAVE_DLERROR 1
| #define HAVE_LIBDLLOADER 1
| #define HAVE_ARGZ_H 1
| #define HAVE_ERROR_T 1
| #define HAVE_ARGZ_ADD 1
| #define HAVE_ARGZ_APPEND 1
| #define HAVE_ARGZ_COUNT 1
| #define HAVE_ARGZ_CREATE_SEP 1
| #define HAVE_ARGZ_INSERT 1
| #define HAVE_ARGZ_NEXT 1
| #define HAVE_ARGZ_STRINGIFY 1
| #define HAVE_WORKING_ARGZ 1
| #define HAVE_PRELOADED_SYMBOLS 1
| #define HAVE_LTDL 1
| #define HAVE_UNISTD_H 1
| /* end confdefs.h.  */
| #include <stdio.h>
| #ifdef HAVE_SYS_TYPES_H
| # include <sys/types.h>
| #endif
| #ifdef HAVE_SYS_STAT_H
| # include <sys/stat.h>
| #endif
| #ifdef STDC_HEADERS
| # include <stdlib.h>
| # include <stddef.h>
| #else
| # ifdef HAVE_STDLIB_H
| #  include <stdlib.h>
| # endif
| #endif
| #ifdef HAVE_STRING_H
| # if !defined STDC_HEADERS && defined HAVE_MEMORY_H
| #  include <memory.h>
| # endif
| # include <string.h>
| #endif
| #ifdef HAVE_STRINGS_H
| # include <strings.h>
| #endif
| #ifdef HAVE_INTTYPES_H
| # include <inttypes.h>
| #endif
| #ifdef HAVE_STDINT_H
| # include <stdint.h>
| #endif
| #ifdef HAVE_UNISTD_H
| # include <unistd.h>
| #endif
| 
| #include <dld.h>
configure:11967: result: no
configure:11967: checking for mach-o/dyld.h
configure:11967: gcc -c -g -O2  conftest.c >&5
conftest.c:74:25: fatal error: mach-o/dyld.h: No such file or directory
 #include <mach-o/dyld.h>
                         ^
compilation terminated.
configure:11967: $? = 1
configure: failed program was:
| /* confdefs.h */
| #define PACKAGE_NAME "cppcodefragments"
| #define PACKAGE_TARNAME "cppcodefragments"
| #define PACKAGE_VERSION "1.0"
| #define PACKAGE_STRING "cppcodefragments 1.0"
| #define PACKAGE_BUGREPORT "asakura@kbd.biglobe.ne.jp"
| #define PACKAGE_URL ""
| #define STDC_HEADERS 1
| #define HAVE_SYS_TYPES_H 1
| #define HAVE_SYS_STAT_H 1
| #define HAVE_STDLIB_H 1
| #define HAVE_STRING_H 1
| #define HAVE_MEMORY_H 1
| #define HAVE_STRINGS_H 1
| #define HAVE_INTTYPES_H 1
| #define HAVE_STDINT_H 1
| #define HAVE_UNISTD_H 1
| #define HAVE_DLFCN_H 1
| #define LT_OBJDIR ".libs/"
| #define LT_MODULE_EXT ".so"
| #define LT_MODULE_PATH_VAR "LD_LIBRARY_PATH"
| #define LT_DLSEARCH_PATH "/lib64:/usr/lib64:/lib:/usr/lib:/usr/lib64//bind9-export/:/usr/lib64/dyninst:/usr/lib64/iscsi:/usr/local/lib64:/usr/lib64/mysql:/usr/lib64/qt-3.3/lib"
| #define HAVE_LIBDL 1
| #define HAVE_DLERROR 1
| #define HAVE_LIBDLLOADER 1
| #define HAVE_ARGZ_H 1
| #define HAVE_ERROR_T 1
| #define HAVE_ARGZ_ADD 1
| #define HAVE_ARGZ_APPEND 1
| #define HAVE_ARGZ_COUNT 1
| #define HAVE_ARGZ_CREATE_SEP 1
| #define HAVE_ARGZ_INSERT 1
| #define HAVE_ARGZ_NEXT 1
| #define HAVE_ARGZ_STRINGIFY 1
| #define HAVE_WORKING_ARGZ 1
| #define HAVE_PRELOADED_SYMBOLS 1
| #define HAVE_LTDL 1
| #define HAVE_UNISTD_H 1
| /* end confdefs.h.  */
| #include <stdio.h>
| #ifdef HAVE_SYS_TYPES_H
| # include <sys/types.h>
| #endif
| #ifdef HAVE_SYS_STAT_H
| # include <sys/stat.h>
| #endif
| #ifdef STDC_HEADERS
| # include <stdlib.h>
| # include <stddef.h>
| #else
| # ifdef HAVE_STDLIB_H
| #  include <stdlib.h>
| # endif
| #endif
| #ifdef HAVE_STRING_H
| # if !defined STDC_HEADERS && defined HAVE_MEMORY_H
| #  include <memory.h>
| # endif
| # include <string.h>
| #endif
| #ifdef HAVE_STRINGS_H
| # include <strings.h>
| #endif
| #ifdef HAVE_INTTYPES_H
| # include <inttypes.h>
| #endif
| #ifdef HAVE_STDINT_H
| # include <stdint.h>
| #endif
| #ifdef HAVE_UNISTD_H
| # include <unistd.h>
| #endif
| 
| #include <mach-o/dyld.h>
configure:11967: result: no
configure:11967: checking for dirent.h
configure:11967: gcc -c -g -O2  conftest.c >&5
configure:11967: $? = 0
configure:11967: result: yes
configure:11982: checking for closedir
configure:11982: gcc -o conftest -g -O2   conftest.c -ldl  >&5
configure:11982: $? = 0
configure:11982: result: yes
configure:11982: checking for opendir
configure:11982: gcc -o conftest -g -O2   conftest.c -ldl  >&5
configure:11982: $? = 0
configure:11982: result: yes
configure:11982: checking for readdir
configure:11982: gcc -o conftest -g -O2   conftest.c -ldl  >&5
configure:11982: $? = 0
configure:11982: result: yes
configure:11999: checking for strlcat
configure:11999: gcc -o conftest -g -O2   conftest.c -ldl  >&5
/tmp/cc6SI9xr.o: In function `main':
/home/akira_asakura/src/cppcodefragments/conftest.c:78: undefined reference to `strlcat'
collect2: error: ld returned 1 exit status
configure:11999: $? = 1
configure: failed program was:
| /* confdefs.h */
| #define PACKAGE_NAME "cppcodefragments"
| #define PACKAGE_TARNAME "cppcodefragments"
| #define PACKAGE_VERSION "1.0"
| #define PACKAGE_STRING "cppcodefragments 1.0"
| #define PACKAGE_BUGREPORT "asakura@kbd.biglobe.ne.jp"
| #define PACKAGE_URL ""
| #define STDC_HEADERS 1
| #define HAVE_SYS_TYPES_H 1
| #define HAVE_SYS_STAT_H 1
| #define HAVE_STDLIB_H 1
| #define HAVE_STRING_H 1
| #define HAVE_MEMORY_H 1
| #define HAVE_STRINGS_H 1
| #define HAVE_INTTYPES_H 1
| #define HAVE_STDINT_H 1
| #define HAVE_UNISTD_H 1
| #define HAVE_DLFCN_H 1
| #define LT_OBJDIR ".libs/"
| #define LT_MODULE_EXT ".so"
| #define LT_MODULE_PATH_VAR "LD_LIBRARY_PATH"
| #define LT_DLSEARCH_PATH "/lib64:/usr/lib64:/lib:/usr/lib:/usr/lib64//bind9-export/:/usr/lib64/dyninst:/usr/lib64/iscsi:/usr/local/lib64:/usr/lib64/mysql:/usr/lib64/qt-3.3/lib"
| #define HAVE_LIBDL 1
| #define HAVE_DLERROR 1
| #define HAVE_LIBDLLOADER 1
| #define HAVE_ARGZ_H 1
| #define HAVE_ERROR_T 1
| #define HAVE_ARGZ_ADD 1
| #define HAVE_ARGZ_APPEND 1
| #define HAVE_ARGZ_COUNT 1
| #define HAVE_ARGZ_CREATE_SEP 1
| #define HAVE_ARGZ_INSERT 1
| #define HAVE_ARGZ_NEXT 1
| #define HAVE_ARGZ_STRINGIFY 1
| #define HAVE_WORKING_ARGZ 1
| #define HAVE_PRELOADED_SYMBOLS 1
| #define HAVE_LTDL 1
| #define HAVE_UNISTD_H 1
| #define HAVE_DIRENT_H 1
| #define HAVE_CLOSEDIR 1
| #define HAVE_OPENDIR 1
| #define HAVE_READDIR 1
| /* end confdefs.h.  */
| /* Define strlcat to an innocuous variant, in case <limits.h> declares strlcat.
|    For example, HP-UX 11i <limits.h> declares gettimeofday.  */
| #define strlcat innocuous_strlcat
| 
| /* System header to define __stub macros and hopefully few prototypes,
|     which can conflict with char strlcat (); below.
|     Prefer <limits.h> to <assert.h> if __STDC__ is defined, since
|     <limits.h> exists even on freestanding compilers.  */
| 
| #ifdef __STDC__
| # include <limits.h>
| #else
| # include <assert.h>
| #endif
| 
| #undef strlcat
| 
| /* Override any GCC internal prototype to avoid an error.
|    Use char because int might match the return type of a GCC
|    builtin and then its argument prototype would still apply.  */
| #ifdef __cplusplus
| extern "C"
| #endif
| char strlcat ();
| /* The GNU C library defines this for functions which it implements
|     to always fail with ENOSYS.  Some functions are actually named
|     something starting with __ and the normal name is an alias.  */
| #if defined __stub_strlcat || defined __stub___strlcat
| choke me
| #endif
| 
| int
| main ()
| {
| return strlcat ();
|   ;
|   return 0;
| }
configure:11999: result: no
configure:11999: checking for strlcpy
configure:11999: gcc -o conftest -g -O2   conftest.c -ldl  >&5
/tmp/ccmBBRZw.o: In function `main':
/home/akira_asakura/src/cppcodefragments/conftest.c:78: undefined reference to `strlcpy'
collect2: error: ld returned 1 exit status
configure:11999: $? = 1
configure: failed program was:
| /* confdefs.h */
| #define PACKAGE_NAME "cppcodefragments"
| #define PACKAGE_TARNAME "cppcodefragments"
| #define PACKAGE_VERSION "1.0"
| #define PACKAGE_STRING "cppcodefragments 1.0"
| #define PACKAGE_BUGREPORT "asakura@kbd.biglobe.ne.jp"
| #define PACKAGE_URL ""
| #define STDC_HEADERS 1
| #define HAVE_SYS_TYPES_H 1
| #define HAVE_SYS_STAT_H 1
| #define HAVE_STDLIB_H 1
| #define HAVE_STRING_H 1
| #define HAVE_MEMORY_H 1
| #define HAVE_STRINGS_H 1
| #define HAVE_INTTYPES_H 1
| #define HAVE_STDINT_H 1
| #define HAVE_UNISTD_H 1
| #define HAVE_DLFCN_H 1
| #define LT_OBJDIR ".libs/"
| #define LT_MODULE_EXT ".so"
| #define LT_MODULE_PATH_VAR "LD_LIBRARY_PATH"
| #define LT_DLSEARCH_PATH "/lib64:/usr/lib64:/lib:/usr/lib:/usr/lib64//bind9-export/:/usr/lib64/dyninst:/usr/lib64/iscsi:/usr/local/lib64:/usr/lib64/mysql:/usr/lib64/qt-3.3/lib"
| #define HAVE_LIBDL 1
| #define HAVE_DLERROR 1
| #define HAVE_LIBDLLOADER 1
| #define HAVE_ARGZ_H 1
| #define HAVE_ERROR_T 1
| #define HAVE_ARGZ_ADD 1
| #define HAVE_ARGZ_APPEND 1
| #define HAVE_ARGZ_COUNT 1
| #define HAVE_ARGZ_CREATE_SEP 1
| #define HAVE_ARGZ_INSERT 1
| #define HAVE_ARGZ_NEXT 1
| #define HAVE_ARGZ_STRINGIFY 1
| #define HAVE_WORKING_ARGZ 1
| #define HAVE_PRELOADED_SYMBOLS 1
| #define HAVE_LTDL 1
| #define HAVE_UNISTD_H 1
| #define HAVE_DIRENT_H 1
| #define HAVE_CLOSEDIR 1
| #define HAVE_OPENDIR 1
| #define HAVE_READDIR 1
| /* end confdefs.h.  */
| /* Define strlcpy to an innocuous variant, in case <limits.h> declares strlcpy.
|    For example, HP-UX 11i <limits.h> declares gettimeofday.  */
| #define strlcpy innocuous_strlcpy
| 
| /* System header to define __stub macros and hopefully few prototypes,
|     which can conflict with char strlcpy (); below.
|     Prefer <limits.h> to <assert.h> if __STDC__ is defined, since
|     <limits.h> exists even on freestanding compilers.  */
| 
| #ifdef __STDC__
| # include <limits.h>
| #else
| # include <assert.h>
| #endif
| 
| #undef strlcpy
| 
| /* Override any GCC internal prototype to avoid an error.
|    Use char because int might match the return type of a GCC
|    builtin and then its argument prototype would still apply.  */
| #ifdef __cplusplus
| extern "C"
| #endif
| char strlcpy ();
| /* The GNU C library defines this for functions which it implements
|     to always fail with ENOSYS.  Some functions are actually named
|     something starting with __ and the normal name is an alias.  */
| #if defined __stub_strlcpy || defined __stub___strlcpy
| choke me
| #endif
| 
| int
| main ()
| {
| return strlcpy ();
|   ;
|   return 0;
| }
configure:11999: result: no
configure:12057: checking for a BSD-compatible install
configure:12125: result: /usr/bin/install -c
configure:12136: checking whether build environment is sane
configure:12191: result: yes
configure:12342: checking for a thread-safe mkdir -p
configure:12381: result: /usr/bin/mkdir -p
configure:12384: checking whether make sets $(MAKE)
configure:12406: result: yes
configure:12436: checking for style of include used by make
configure:12464: result: GNU
configure:12498: checking whether make supports nested variables
configure:12515: result: yes
configure:12600: checking dependency style of gcc
configure:12711: result: gcc3
configure:12777: checking for gcc
configure:12804: result: gcc
configure:13033: checking for C compiler version
configure:13042: gcc --version >&5
gcc (GCC) 4.8.5 20150623 (Red Hat 4.8.5-39)
Copyright (C) 2015 Free Software Foundation, Inc.
This is free software; see the source for copying conditions.  There is NO
warranty; not even for MERCHANTABILITY or FITNESS FOR A PARTICULAR PURPOSE.

configure:13053: $? = 0
configure:13042: gcc -v >&5
Using built-in specs.
COLLECT_GCC=gcc
COLLECT_LTO_WRAPPER=/usr/libexec/gcc/x86_64-redhat-linux/4.8.5/lto-wrapper
Target: x86_64-redhat-linux
Configured with: ../configure --prefix=/usr --mandir=/usr/share/man --infodir=/usr/share/info --with-bugurl=http://bugzilla.redhat.com/bugzilla --enable-bootstrap --enable-shared --enable-threads=posix --enable-checking=release --with-system-zlib --enable-__cxa_atexit --disable-libunwind-exceptions --enable-gnu-unique-object --enable-linker-build-id --with-linker-hash-style=gnu --enable-languages=c,c++,objc,obj-c++,java,fortran,ada,go,lto --enable-plugin --enable-initfini-array --disable-libgcj --with-isl=/builddir/build/BUILD/gcc-4.8.5-20150702/obj-x86_64-redhat-linux/isl-install --with-cloog=/builddir/build/BUILD/gcc-4.8.5-20150702/obj-x86_64-redhat-linux/cloog-install --enable-gnu-indirect-function --with-tune=generic --with-arch_32=x86-64 --build=x86_64-redhat-linux
Thread model: posix
gcc version 4.8.5 20150623 (Red Hat 4.8.5-39) (GCC) 
configure:13053: $? = 0
configure:13042: gcc -V >&5
gcc: error: unrecognized command line option '-V'
gcc: fatal error: no input files
compilation terminated.
configure:13053: $? = 4
configure:13042: gcc -qversion >&5
gcc: error: unrecognized command line option '-qversion'
gcc: fatal error: no input files
compilation terminated.
configure:13053: $? = 4
configure:13057: checking whether we are using the GNU C compiler
configure:13085: result: yes
configure:13094: checking whether gcc accepts -g
configure:13155: result: yes
configure:13172: checking for gcc option to accept ISO C89
configure:13248: result: none needed
configure:13326: checking for g++
configure:13342: found /usr/bin/g++
configure:13353: result: g++
configure:13380: checking for C++ compiler version
configure:13389: g++ --version >&5
g++ (GCC) 4.8.5 20150623 (Red Hat 4.8.5-39)
Copyright (C) 2015 Free Software Foundation, Inc.
This is free software; see the source for copying conditions.  There is NO
warranty; not even for MERCHANTABILITY or FITNESS FOR A PARTICULAR PURPOSE.

configure:13400: $? = 0
configure:13389: g++ -v >&5
Using built-in specs.
COLLECT_GCC=g++
COLLECT_LTO_WRAPPER=/usr/libexec/gcc/x86_64-redhat-linux/4.8.5/lto-wrapper
Target: x86_64-redhat-linux
Configured with: ../configure --prefix=/usr --mandir=/usr/share/man --infodir=/usr/share/info --with-bugurl=http://bugzilla.redhat.com/bugzilla --enable-bootstrap --enable-shared --enable-threads=posix --enable-checking=release --with-system-zlib --enable-__cxa_atexit --disable-libunwind-exceptions --enable-gnu-unique-object --enable-linker-build-id --with-linker-hash-style=gnu --enable-languages=c,c++,objc,obj-c++,java,fortran,ada,go,lto --enable-plugin --enable-initfini-array --disable-libgcj --with-isl=/builddir/build/BUILD/gcc-4.8.5-20150702/obj-x86_64-redhat-linux/isl-install --with-cloog=/builddir/build/BUILD/gcc-4.8.5-20150702/obj-x86_64-redhat-linux/cloog-install --enable-gnu-indirect-function --with-tune=generic --with-arch_32=x86-64 --build=x86_64-redhat-linux
Thread model: posix
gcc version 4.8.5 20150623 (Red Hat 4.8.5-39) (GCC) 
configure:13400: $? = 0
configure:13389: g++ -V >&5
g++: error: unrecognized command line option '-V'
g++: fatal error: no input files
compilation terminated.
configure:13400: $? = 4
configure:13389: g++ -qversion >&5
g++: error: unrecognized command line option '-qversion'
g++: fatal error: no input files
compilation terminated.
configure:13400: $? = 4
configure:13404: checking whether we are using the GNU C++ compiler
configure:13423: g++ -c   conftest.cpp >&5
configure:13423: $? = 0
configure:13432: result: yes
configure:13441: checking whether g++ accepts -g
configure:13461: g++ -c -g  conftest.cpp >&5
configure:13461: $? = 0
configure:13502: result: yes
configure:13543: checking how to run the C++ preprocessor
configure:13570: g++ -E  conftest.cpp
configure:13570: $? = 0
configure:13584: g++ -E  conftest.cpp
conftest.cpp:48:28: fatal error: ac_nonexistent.h: No such file or directory
 #include <ac_nonexistent.h>
                            ^
compilation terminated.
configure:13584: $? = 1
configure: failed program was:
| /* confdefs.h */
| #define PACKAGE_NAME "cppcodefragments"
| #define PACKAGE_TARNAME "cppcodefragments"
| #define PACKAGE_VERSION "1.0"
| #define PACKAGE_STRING "cppcodefragments 1.0"
| #define PACKAGE_BUGREPORT "asakura@kbd.biglobe.ne.jp"
| #define PACKAGE_URL ""
| #define STDC_HEADERS 1
| #define HAVE_SYS_TYPES_H 1
| #define HAVE_SYS_STAT_H 1
| #define HAVE_STDLIB_H 1
| #define HAVE_STRING_H 1
| #define HAVE_MEMORY_H 1
| #define HAVE_STRINGS_H 1
| #define HAVE_INTTYPES_H 1
| #define HAVE_STDINT_H 1
| #define HAVE_UNISTD_H 1
| #define HAVE_DLFCN_H 1
| #define LT_OBJDIR ".libs/"
| #define LT_MODULE_EXT ".so"
| #define LT_MODULE_PATH_VAR "LD_LIBRARY_PATH"
| #define LT_DLSEARCH_PATH "/lib64:/usr/lib64:/lib:/usr/lib:/usr/lib64//bind9-export/:/usr/lib64/dyninst:/usr/lib64/iscsi:/usr/local/lib64:/usr/lib64/mysql:/usr/lib64/qt-3.3/lib"
| #define HAVE_LIBDL 1
| #define HAVE_DLERROR 1
| #define HAVE_LIBDLLOADER 1
| #define HAVE_ARGZ_H 1
| #define HAVE_ERROR_T 1
| #define HAVE_ARGZ_ADD 1
| #define HAVE_ARGZ_APPEND 1
| #define HAVE_ARGZ_COUNT 1
| #define HAVE_ARGZ_CREATE_SEP 1
| #define HAVE_ARGZ_INSERT 1
| #define HAVE_ARGZ_NEXT 1
| #define HAVE_ARGZ_STRINGIFY 1
| #define HAVE_WORKING_ARGZ 1
| #define HAVE_PRELOADED_SYMBOLS 1
| #define HAVE_LTDL 1
| #define HAVE_UNISTD_H 1
| #define HAVE_DIRENT_H 1
| #define HAVE_CLOSEDIR 1
| #define HAVE_OPENDIR 1
| #define HAVE_READDIR 1
| #define LT_LIBEXT "a"
| #define LT_LIBPREFIX "lib"
| #define PACKAGE "cppcodefragments"
| #define VERSION "1.0"
| /* end confdefs.h.  */
| #include <ac_nonexistent.h>
configure:13609: result: g++ -E
configure:13629: g++ -E  conftest.cpp
configure:13629: $? = 0
configure:13643: g++ -E  conftest.cpp
conftest.cpp:48:28: fatal error: ac_nonexistent.h: No such file or directory
 #include <ac_nonexistent.h>
                            ^
compilation terminated.
configure:13643: $? = 1
configure: failed program was:
| /* confdefs.h */
| #define PACKAGE_NAME "cppcodefragments"
| #define PACKAGE_TARNAME "cppcodefragments"
| #define PACKAGE_VERSION "1.0"
| #define PACKAGE_STRING "cppcodefragments 1.0"
| #define PACKAGE_BUGREPORT "asakura@kbd.biglobe.ne.jp"
| #define PACKAGE_URL ""
| #define STDC_HEADERS 1
| #define HAVE_SYS_TYPES_H 1
| #define HAVE_SYS_STAT_H 1
| #define HAVE_STDLIB_H 1
| #define HAVE_STRING_H 1
| #define HAVE_MEMORY_H 1
| #define HAVE_STRINGS_H 1
| #define HAVE_INTTYPES_H 1
| #define HAVE_STDINT_H 1
| #define HAVE_UNISTD_H 1
| #define HAVE_DLFCN_H 1
| #define LT_OBJDIR ".libs/"
| #define LT_MODULE_EXT ".so"
| #define LT_MODULE_PATH_VAR "LD_LIBRARY_PATH"
| #define LT_DLSEARCH_PATH "/lib64:/usr/lib64:/lib:/usr/lib:/usr/lib64//bind9-export/:/usr/lib64/dyninst:/usr/lib64/iscsi:/usr/local/lib64:/usr/lib64/mysql:/usr/lib64/qt-3.3/lib"
| #define HAVE_LIBDL 1
| #define HAVE_DLERROR 1
| #define HAVE_LIBDLLOADER 1
| #define HAVE_ARGZ_H 1
| #define HAVE_ERROR_T 1
| #define HAVE_ARGZ_ADD 1
| #define HAVE_ARGZ_APPEND 1
| #define HAVE_ARGZ_COUNT 1
| #define HAVE_ARGZ_CREATE_SEP 1
| #define HAVE_ARGZ_INSERT 1
| #define HAVE_ARGZ_NEXT 1
| #define HAVE_ARGZ_STRINGIFY 1
| #define HAVE_WORKING_ARGZ 1
| #define HAVE_PRELOADED_SYMBOLS 1
| #define HAVE_LTDL 1
| #define HAVE_UNISTD_H 1
| #define HAVE_DIRENT_H 1
| #define HAVE_CLOSEDIR 1
| #define HAVE_OPENDIR 1
| #define HAVE_READDIR 1
| #define LT_LIBEXT "a"
| #define LT_LIBPREFIX "lib"
| #define PACKAGE "cppcodefragments"
| #define VERSION "1.0"
| /* end confdefs.h.  */
| #include <ac_nonexistent.h>
configure:13812: checking for ld used by g++
configure:13879: result: /usr/bin/ld -m elf_x86_64
configure:13886: checking if the linker (/usr/bin/ld -m elf_x86_64) is GNU ld
configure:13901: result: yes
configure:13956: checking whether the g++ linker (/usr/bin/ld -m elf_x86_64) supports shared libraries
configure:14961: result: yes
configure:14997: g++ -c -g -O2  conftest.cpp >&5
configure:15000: $? = 0
configure:15520: checking for g++ option to produce PIC
configure:15527: result: -fPIC -DPIC
configure:15535: checking if g++ PIC flag -fPIC -DPIC works
configure:15553: g++ -c -g -O2  -fPIC -DPIC -DPIC conftest.cpp >&5
configure:15557: $? = 0
configure:15570: result: yes
configure:15593: checking if g++ static flag -static works
configure:15621: result: no
configure:15633: checking if g++ supports -c -o file.o
configure:15654: g++ -c -g -O2  -o out/conftest2.o conftest.cpp >&5
configure:15658: $? = 0
configure:15680: result: yes
configure:15685: checking if g++ supports -c -o file.o
configure:15732: result: yes
configure:15762: checking whether the g++ linker (/usr/bin/ld -m elf_x86_64) supports shared libraries
configure:15798: result: yes
configure:15939: checking dynamic linker characteristics
configure:16610: result: GNU/Linux ld.so
configure:16663: checking how to hardcode library paths into programs
configure:16688: result: immediate
configure:16730: checking dependency style of g++
configure:16841: result: gcc3
configure:16862: checking for stdbool.h that conforms to C99
configure:16929: gcc -c -g -O2  conftest.c >&5
configure:16929: $? = 0
configure:16936: result: yes
configure:16938: checking for _Bool
configure:16938: gcc -c -g -O2  conftest.c >&5
configure:16938: $? = 0
configure:16938: gcc -c -g -O2  conftest.c >&5
conftest.c: In function 'main':
conftest.c:84:20: error: expected expression before ')' token
 if (sizeof ((_Bool)))
                    ^
configure:16938: $? = 1
configure: failed program was:
| /* confdefs.h */
| #define PACKAGE_NAME "cppcodefragments"
| #define PACKAGE_TARNAME "cppcodefragments"
| #define PACKAGE_VERSION "1.0"
| #define PACKAGE_STRING "cppcodefragments 1.0"
| #define PACKAGE_BUGREPORT "asakura@kbd.biglobe.ne.jp"
| #define PACKAGE_URL ""
| #define STDC_HEADERS 1
| #define HAVE_SYS_TYPES_H 1
| #define HAVE_SYS_STAT_H 1
| #define HAVE_STDLIB_H 1
| #define HAVE_STRING_H 1
| #define HAVE_MEMORY_H 1
| #define HAVE_STRINGS_H 1
| #define HAVE_INTTYPES_H 1
| #define HAVE_STDINT_H 1
| #define HAVE_UNISTD_H 1
| #define HAVE_DLFCN_H 1
| #define LT_OBJDIR ".libs/"
| #define LT_MODULE_EXT ".so"
| #define LT_MODULE_PATH_VAR "LD_LIBRARY_PATH"
| #define LT_DLSEARCH_PATH "/lib64:/usr/lib64:/lib:/usr/lib:/usr/lib64//bind9-export/:/usr/lib64/dyninst:/usr/lib64/iscsi:/usr/local/lib64:/usr/lib64/mysql:/usr/lib64/qt-3.3/lib"
| #define HAVE_LIBDL 1
| #define HAVE_DLERROR 1
| #define HAVE_LIBDLLOADER 1
| #define HAVE_ARGZ_H 1
| #define HAVE_ERROR_T 1
| #define HAVE_ARGZ_ADD 1
| #define HAVE_ARGZ_APPEND 1
| #define HAVE_ARGZ_COUNT 1
| #define HAVE_ARGZ_CREATE_SEP 1
| #define HAVE_ARGZ_INSERT 1
| #define HAVE_ARGZ_NEXT 1
| #define HAVE_ARGZ_STRINGIFY 1
| #define HAVE_WORKING_ARGZ 1
| #define HAVE_PRELOADED_SYMBOLS 1
| #define HAVE_LTDL 1
| #define HAVE_UNISTD_H 1
| #define HAVE_DIRENT_H 1
| #define HAVE_CLOSEDIR 1
| #define HAVE_OPENDIR 1
| #define HAVE_READDIR 1
| #define LT_LIBEXT "a"
| #define LT_LIBPREFIX "lib"
| #define PACKAGE "cppcodefragments"
| #define VERSION "1.0"
| /* end confdefs.h.  */
| #include <stdio.h>
| #ifdef HAVE_SYS_TYPES_H
| # include <sys/types.h>
| #endif
| #ifdef HAVE_SYS_STAT_H
| # include <sys/stat.h>
| #endif
| #ifdef STDC_HEADERS
| # include <stdlib.h>
| # include <stddef.h>
| #else
| # ifdef HAVE_STDLIB_H
| #  include <stdlib.h>
| # endif
| #endif
| #ifdef HAVE_STRING_H
| # if !defined STDC_HEADERS && defined HAVE_MEMORY_H
| #  include <memory.h>
| # endif
| # include <string.h>
| #endif
| #ifdef HAVE_STRINGS_H
| # include <strings.h>
| #endif
| #ifdef HAVE_INTTYPES_H
| # include <inttypes.h>
| #endif
| #ifdef HAVE_STDINT_H
| # include <stdint.h>
| #endif
| #ifdef HAVE_UNISTD_H
| # include <unistd.h>
| #endif
| int
| main ()
| {
| if (sizeof ((_Bool)))
| 	    return 0;
|   ;
|   return 0;
| }
configure:16938: result: yes
configure:16949: checking for int16_t
configure:16949: gcc -c -g -O2  conftest.c >&5
configure:16949: $? = 0
configure:16949: gcc -c -g -O2  conftest.c >&5
conftest.c: In function 'main':
conftest.c:86:12: error: size of array 'test_array' is negative
 static int test_array [1 - 2 * !((int16_t) (((((int16_t) 1 << N) << N) - 1) * 2 + 1)
            ^
configure:16949: $? = 1
configure: failed program was:
| /* confdefs.h */
| #define PACKAGE_NAME "cppcodefragments"
| #define PACKAGE_TARNAME "cppcodefragments"
| #define PACKAGE_VERSION "1.0"
| #define PACKAGE_STRING "cppcodefragments 1.0"
| #define PACKAGE_BUGREPORT "asakura@kbd.biglobe.ne.jp"
| #define PACKAGE_URL ""
| #define STDC_HEADERS 1
| #define HAVE_SYS_TYPES_H 1
| #define HAVE_SYS_STAT_H 1
| #define HAVE_STDLIB_H 1
| #define HAVE_STRING_H 1
| #define HAVE_MEMORY_H 1
| #define HAVE_STRINGS_H 1
| #define HAVE_INTTYPES_H 1
| #define HAVE_STDINT_H 1
| #define HAVE_UNISTD_H 1
| #define HAVE_DLFCN_H 1
| #define LT_OBJDIR ".libs/"
| #define LT_MODULE_EXT ".so"
| #define LT_MODULE_PATH_VAR "LD_LIBRARY_PATH"
| #define LT_DLSEARCH_PATH "/lib64:/usr/lib64:/lib:/usr/lib:/usr/lib64//bind9-export/:/usr/lib64/dyninst:/usr/lib64/iscsi:/usr/local/lib64:/usr/lib64/mysql:/usr/lib64/qt-3.3/lib"
| #define HAVE_LIBDL 1
| #define HAVE_DLERROR 1
| #define HAVE_LIBDLLOADER 1
| #define HAVE_ARGZ_H 1
| #define HAVE_ERROR_T 1
| #define HAVE_ARGZ_ADD 1
| #define HAVE_ARGZ_APPEND 1
| #define HAVE_ARGZ_COUNT 1
| #define HAVE_ARGZ_CREATE_SEP 1
| #define HAVE_ARGZ_INSERT 1
| #define HAVE_ARGZ_NEXT 1
| #define HAVE_ARGZ_STRINGIFY 1
| #define HAVE_WORKING_ARGZ 1
| #define HAVE_PRELOADED_SYMBOLS 1
| #define HAVE_LTDL 1
| #define HAVE_UNISTD_H 1
| #define HAVE_DIRENT_H 1
| #define HAVE_CLOSEDIR 1
| #define HAVE_OPENDIR 1
| #define HAVE_READDIR 1
| #define LT_LIBEXT "a"
| #define LT_LIBPREFIX "lib"
| #define PACKAGE "cppcodefragments"
| #define VERSION "1.0"
| #define HAVE__BOOL 1
| /* end confdefs.h.  */
| #include <stdio.h>
| #ifdef HAVE_SYS_TYPES_H
| # include <sys/types.h>
| #endif
| #ifdef HAVE_SYS_STAT_H
| # include <sys/stat.h>
| #endif
| #ifdef STDC_HEADERS
| # include <stdlib.h>
| # include <stddef.h>
| #else
| # ifdef HAVE_STDLIB_H
| #  include <stdlib.h>
| # endif
| #endif
| #ifdef HAVE_STRING_H
| # if !defined STDC_HEADERS && defined HAVE_MEMORY_H
| #  include <memory.h>
| # endif
| # include <string.h>
| #endif
| #ifdef HAVE_STRINGS_H
| # include <strings.h>
| #endif
| #ifdef HAVE_INTTYPES_H
| # include <inttypes.h>
| #endif
| #ifdef HAVE_STDINT_H
| # include <stdint.h>
| #endif
| #ifdef HAVE_UNISTD_H
| # include <unistd.h>
| #endif
| 	        enum { N = 16 / 2 - 1 };
| int
| main ()
| {
| static int test_array [1 - 2 * !((int16_t) (((((int16_t) 1 << N) << N) - 1) * 2 + 1)
| 		 < (int16_t) (((((int16_t) 1 << N) << N) - 1) * 2 + 2))];
| test_array [0] = 0;
| return test_array [0];
| 
|   ;
|   return 0;
| }
configure:16949: result: yes
configure:16960: checking for size_t
configure:16960: gcc -c -g -O2  conftest.c >&5
configure:16960: $? = 0
configure:16960: gcc -c -g -O2  conftest.c >&5
conftest.c: In function 'main':
conftest.c:85:21: error: expected expression before ')' token
 if (sizeof ((size_t)))
                     ^
configure:16960: $? = 1
configure: failed program was:
| /* confdefs.h */
| #define PACKAGE_NAME "cppcodefragments"
| #define PACKAGE_TARNAME "cppcodefragments"
| #define PACKAGE_VERSION "1.0"
| #define PACKAGE_STRING "cppcodefragments 1.0"
| #define PACKAGE_BUGREPORT "asakura@kbd.biglobe.ne.jp"
| #define PACKAGE_URL ""
| #define STDC_HEADERS 1
| #define HAVE_SYS_TYPES_H 1
| #define HAVE_SYS_STAT_H 1
| #define HAVE_STDLIB_H 1
| #define HAVE_STRING_H 1
| #define HAVE_MEMORY_H 1
| #define HAVE_STRINGS_H 1
| #define HAVE_INTTYPES_H 1
| #define HAVE_STDINT_H 1
| #define HAVE_UNISTD_H 1
| #define HAVE_DLFCN_H 1
| #define LT_OBJDIR ".libs/"
| #define LT_MODULE_EXT ".so"
| #define LT_MODULE_PATH_VAR "LD_LIBRARY_PATH"
| #define LT_DLSEARCH_PATH "/lib64:/usr/lib64:/lib:/usr/lib:/usr/lib64//bind9-export/:/usr/lib64/dyninst:/usr/lib64/iscsi:/usr/local/lib64:/usr/lib64/mysql:/usr/lib64/qt-3.3/lib"
| #define HAVE_LIBDL 1
| #define HAVE_DLERROR 1
| #define HAVE_LIBDLLOADER 1
| #define HAVE_ARGZ_H 1
| #define HAVE_ERROR_T 1
| #define HAVE_ARGZ_ADD 1
| #define HAVE_ARGZ_APPEND 1
| #define HAVE_ARGZ_COUNT 1
| #define HAVE_ARGZ_CREATE_SEP 1
| #define HAVE_ARGZ_INSERT 1
| #define HAVE_ARGZ_NEXT 1
| #define HAVE_ARGZ_STRINGIFY 1
| #define HAVE_WORKING_ARGZ 1
| #define HAVE_PRELOADED_SYMBOLS 1
| #define HAVE_LTDL 1
| #define HAVE_UNISTD_H 1
| #define HAVE_DIRENT_H 1
| #define HAVE_CLOSEDIR 1
| #define HAVE_OPENDIR 1
| #define HAVE_READDIR 1
| #define LT_LIBEXT "a"
| #define LT_LIBPREFIX "lib"
| #define PACKAGE "cppcodefragments"
| #define VERSION "1.0"
| #define HAVE__BOOL 1
| /* end confdefs.h.  */
| #include <stdio.h>
| #ifdef HAVE_SYS_TYPES_H
| # include <sys/types.h>
| #endif
| #ifdef HAVE_SYS_STAT_H
| # include <sys/stat.h>
| #endif
| #ifdef STDC_HEADERS
| # include <stdlib.h>
| # include <stddef.h>
| #else
| # ifdef HAVE_STDLIB_H
| #  include <stdlib.h>
| # endif
| #endif
| #ifdef HAVE_STRING_H
| # if !defined STDC_HEADERS && defined HAVE_MEMORY_H
| #  include <memory.h>
| # endif
| # include <string.h>
| #endif
| #ifdef HAVE_STRINGS_H
| # include <strings.h>
| #endif
| #ifdef HAVE_INTTYPES_H
| # include <inttypes.h>
| #endif
| #ifdef HAVE_STDINT_H
| # include <stdint.h>
| #endif
| #ifdef HAVE_UNISTD_H
| # include <unistd.h>
| #endif
| int
| main ()
| {
| if (sizeof ((size_t)))
| 	    return 0;
|   ;
|   return 0;
| }
configure:16960: result: yes
configure:16971: checking for uint16_t
configure:16971: gcc -c -g -O2  conftest.c >&5
configure:16971: $? = 0
configure:16971: result: yes
configure:16983: checking for uint32_t
configure:16983: gcc -c -g -O2  conftest.c >&5
configure:16983: $? = 0
configure:16983: result: yes
configure:17001: checking for pow
configure:17001: gcc -o conftest -g -O2   conftest.c -ldl  >&5
conftest.c:72:6: warning: conflicting types for built-in function 'pow' [enabled by default]
 char pow ();
      ^
/tmp/cc7syP48.o: In function `main':
/home/akira_asakura/src/cppcodefragments/conftest.c:83: undefined reference to `pow'
collect2: error: ld returned 1 exit status
configure:17001: $? = 1
configure: failed program was:
| /* confdefs.h */
| #define PACKAGE_NAME "cppcodefragments"
| #define PACKAGE_TARNAME "cppcodefragments"
| #define PACKAGE_VERSION "1.0"
| #define PACKAGE_STRING "cppcodefragments 1.0"
| #define PACKAGE_BUGREPORT "asakura@kbd.biglobe.ne.jp"
| #define PACKAGE_URL ""
| #define STDC_HEADERS 1
| #define HAVE_SYS_TYPES_H 1
| #define HAVE_SYS_STAT_H 1
| #define HAVE_STDLIB_H 1
| #define HAVE_STRING_H 1
| #define HAVE_MEMORY_H 1
| #define HAVE_STRINGS_H 1
| #define HAVE_INTTYPES_H 1
| #define HAVE_STDINT_H 1
| #define HAVE_UNISTD_H 1
| #define HAVE_DLFCN_H 1
| #define LT_OBJDIR ".libs/"
| #define LT_MODULE_EXT ".so"
| #define LT_MODULE_PATH_VAR "LD_LIBRARY_PATH"
| #define LT_DLSEARCH_PATH "/lib64:/usr/lib64:/lib:/usr/lib:/usr/lib64//bind9-export/:/usr/lib64/dyninst:/usr/lib64/iscsi:/usr/local/lib64:/usr/lib64/mysql:/usr/lib64/qt-3.3/lib"
| #define HAVE_LIBDL 1
| #define HAVE_DLERROR 1
| #define HAVE_LIBDLLOADER 1
| #define HAVE_ARGZ_H 1
| #define HAVE_ERROR_T 1
| #define HAVE_ARGZ_ADD 1
| #define HAVE_ARGZ_APPEND 1
| #define HAVE_ARGZ_COUNT 1
| #define HAVE_ARGZ_CREATE_SEP 1
| #define HAVE_ARGZ_INSERT 1
| #define HAVE_ARGZ_NEXT 1
| #define HAVE_ARGZ_STRINGIFY 1
| #define HAVE_WORKING_ARGZ 1
| #define HAVE_PRELOADED_SYMBOLS 1
| #define HAVE_LTDL 1
| #define HAVE_UNISTD_H 1
| #define HAVE_DIRENT_H 1
| #define HAVE_CLOSEDIR 1
| #define HAVE_OPENDIR 1
| #define HAVE_READDIR 1
| #define LT_LIBEXT "a"
| #define LT_LIBPREFIX "lib"
| #define PACKAGE "cppcodefragments"
| #define VERSION "1.0"
| #define HAVE__BOOL 1
| /* end confdefs.h.  */
| /* Define pow to an innocuous variant, in case <limits.h> declares pow.
|    For example, HP-UX 11i <limits.h> declares gettimeofday.  */
| #define pow innocuous_pow
| 
| /* System header to define __stub macros and hopefully few prototypes,
|     which can conflict with char pow (); below.
|     Prefer <limits.h> to <assert.h> if __STDC__ is defined, since
|     <limits.h> exists even on freestanding compilers.  */
| 
| #ifdef __STDC__
| # include <limits.h>
| #else
| # include <assert.h>
| #endif
| 
| #undef pow
| 
| /* Override any GCC internal prototype to avoid an error.
|    Use char because int might match the return type of a GCC
|    builtin and then its argument prototype would still apply.  */
| #ifdef __cplusplus
| extern "C"
| #endif
| char pow ();
| /* The GNU C library defines this for functions which it implements
|     to always fail with ENOSYS.  Some functions are actually named
|     something starting with __ and the normal name is an alias.  */
| #if defined __stub_pow || defined __stub___pow
| choke me
| #endif
| 
| int
| main ()
| {
| return pow ();
|   ;
|   return 0;
| }
configure:17001: result: no
configure:17147: checking that generated files are newer than configure
configure:17153: result: done
configure:17180: creating ./config.status

## ---------------------- ##
## Running config.status. ##
## ---------------------- ##

This file was extended by cppcodefragments config.status 1.0, which was
generated by GNU Autoconf 2.69.  Invocation command line was

  CONFIG_FILES    = 
  CONFIG_HEADERS  = 
  CONFIG_LINKS    = 
  CONFIG_COMMANDS = 
  $ ./config.status 

on localhost

config.status:1193: creating Makefile
config.status:1193: creating source/Makefile
config.status:1193: creating test/Makefile
config.status:1193: creating config.h
config.status:1422: executing libtool commands
config.status:1422: executing depfiles commands
configure:19737: === configuring in libltdl (/home/akira_asakura/src/cppcodefragments/libltdl)
configure:19800: running /bin/sh ./configure --disable-option-checking '--prefix=/usr/local'  --cache-file=/dev/null --srcdir=.

## ---------------- ##
## Cache variables. ##
## ---------------- ##

ac_cv_build=x86_64-unknown-linux-gnu
ac_cv_c_compiler_gnu=yes
ac_cv_c_int16_t=yes
ac_cv_c_uint16_t=yes
ac_cv_c_uint32_t=yes
ac_cv_cxx_compiler_gnu=yes
ac_cv_env_CCC_set=
ac_cv_env_CCC_value=
ac_cv_env_CC_set=
ac_cv_env_CC_value=
ac_cv_env_CFLAGS_set=
ac_cv_env_CFLAGS_value=
ac_cv_env_CPPFLAGS_set=
ac_cv_env_CPPFLAGS_value=
ac_cv_env_CPP_set=
ac_cv_env_CPP_value=
ac_cv_env_CXXCPP_set=
ac_cv_env_CXXCPP_value=
ac_cv_env_CXXFLAGS_set=
ac_cv_env_CXXFLAGS_value=
ac_cv_env_CXX_set=
ac_cv_env_CXX_value=
ac_cv_env_LDFLAGS_set=
ac_cv_env_LDFLAGS_value=
ac_cv_env_LIBS_set=
ac_cv_env_LIBS_value=
ac_cv_env_build_alias_set=
ac_cv_env_build_alias_value=
ac_cv_env_host_alias_set=
ac_cv_env_host_alias_value=
ac_cv_env_target_alias_set=
ac_cv_env_target_alias_value=
ac_cv_func_argz_add=yes
ac_cv_func_argz_append=yes
ac_cv_func_argz_count=yes
ac_cv_func_argz_create_sep=yes
ac_cv_func_argz_insert=yes
ac_cv_func_argz_next=yes
ac_cv_func_argz_stringify=yes
ac_cv_func_closedir=yes
ac_cv_func_dlerror=yes
ac_cv_func_opendir=yes
ac_cv_func_pow=no
ac_cv_func_readdir=yes
ac_cv_func_shl_load=no
ac_cv_func_strlcat=no
ac_cv_func_strlcpy=no
ac_cv_have_decl_lt_dlinterface_register=yes
ac_cv_header_argz_h=yes
ac_cv_header_dirent_h=yes
ac_cv_header_dl_h=no
ac_cv_header_dld_h=no
ac_cv_header_dlfcn_h=yes
ac_cv_header_inttypes_h=yes
ac_cv_header_ltdl_h=yes
ac_cv_header_mach_o_dyld_h=no
ac_cv_header_memory_h=yes
ac_cv_header_stdbool_h=yes
ac_cv_header_stdc=yes
ac_cv_header_stdint_h=yes
ac_cv_header_stdlib_h=yes
ac_cv_header_string_h=yes
ac_cv_header_strings_h=yes
ac_cv_header_sys_dl_h=no
ac_cv_header_sys_stat_h=yes
ac_cv_header_sys_types_h=yes
ac_cv_header_unistd_h=yes
ac_cv_host=x86_64-unknown-linux-gnu
ac_cv_lib_dld_dld_link=no
ac_cv_lib_dld_shl_load=no
ac_cv_lib_ltdl_lt_dladvise_preload=yes
ac_cv_objext=o
ac_cv_path_EGREP='/usr/bin/grep -E'
ac_cv_path_FGREP='/usr/bin/grep -F'
ac_cv_path_GREP=/usr/bin/grep
ac_cv_path_SED=/usr/bin/sed
ac_cv_path_install='/usr/bin/install -c'
ac_cv_path_mkdir=/usr/bin/mkdir
ac_cv_prog_AWK=gawk
ac_cv_prog_CPP='gcc -E'
ac_cv_prog_CXXCPP='g++ -E'
ac_cv_prog_ac_ct_AR=ar
ac_cv_prog_ac_ct_CC=gcc
ac_cv_prog_ac_ct_CXX=g++
ac_cv_prog_ac_ct_OBJDUMP=objdump
ac_cv_prog_ac_ct_RANLIB=ranlib
ac_cv_prog_ac_ct_STRIP=strip
ac_cv_prog_cc_c89=
ac_cv_prog_cc_g=yes
ac_cv_prog_cxx_g=yes
ac_cv_prog_make_make_set=yes
ac_cv_search_dlopen=-ldl
ac_cv_type__Bool=yes
ac_cv_type_error_t=yes
ac_cv_type_size_t=yes
am_cv_CC_dependencies_compiler_type=gcc3
am_cv_CXX_dependencies_compiler_type=gcc3
am_cv_make_support_nested_variables=yes
libltdl_cv_lib_dl_dlopen=yes
libltdl_cv_preloaded_symbols=yes
libltdl_cv_shlibext=.so
libltdl_cv_shrext=.so
lt_cv_ar_at_file=@
lt_cv_archive_cmds_need_lc=no
lt_cv_deplibs_check_method=pass_all
lt_cv_file_magic_cmd='$MAGIC_CMD'
lt_cv_file_magic_test_file=
lt_cv_ld_reload_flag=-r
lt_cv_module_path_var=LD_LIBRARY_PATH
lt_cv_nm_interface='BSD nm'
lt_cv_objdir=.libs
lt_cv_path_LD=/usr/bin/ld
lt_cv_path_LDCXX='/usr/bin/ld -m elf_x86_64'
lt_cv_path_NM='/usr/bin/nm -B'
lt_cv_path_mainfest_tool=no
lt_cv_prog_compiler_c_o=yes
lt_cv_prog_compiler_c_o_CXX=yes
lt_cv_prog_compiler_pic='-fPIC -DPIC'
lt_cv_prog_compiler_pic_CXX='-fPIC -DPIC'
lt_cv_prog_compiler_pic_works=yes
lt_cv_prog_compiler_pic_works_CXX=yes
lt_cv_prog_compiler_rtti_exceptions=no
lt_cv_prog_compiler_static_works=no
lt_cv_prog_compiler_static_works_CXX=no
lt_cv_prog_gnu_ld=yes
lt_cv_prog_gnu_ldcxx=yes
lt_cv_sharedlib_from_linklib_cmd='printf %s\n'
lt_cv_shlibpath_overrides_runpath=no
lt_cv_sys_argz_works=yes
lt_cv_sys_dlopen_deplibs=yes
lt_cv_sys_dlsearch_path='/lib64 /usr/lib64 /lib /usr/lib /usr/lib64//bind9-export/ /usr/lib64/dyninst /usr/lib64/iscsi /usr/local/lib64 /usr/lib64/mysql /usr/lib64/qt-3.3/lib '
lt_cv_sys_global_symbol_pipe='sed -n -e '\''s/^.*[	 ]\([ABCDGIRSTW][ABCDGIRSTW]*\)[	 ][	 ]*\([_A-Za-z][_A-Za-z0-9]*\)$/\1 \2 \2/p'\'' | sed '\''/ __gnu_lto/d'\'''
lt_cv_sys_global_symbol_to_c_name_address='sed -n -e '\''s/^: \([^ ]*\)[ ]*$/  {\"\1\", (void *) 0},/p'\'' -e '\''s/^[ABCDGIRSTW]* \([^ ]*\) \([^ ]*\)$/  {"\2", (void *) \&\2},/p'\'''
lt_cv_sys_global_symbol_to_c_name_address_lib_prefix='sed -n -e '\''s/^: \([^ ]*\)[ ]*$/  {\"\1\", (void *) 0},/p'\'' -e '\''s/^[ABCDGIRSTW]* \([^ ]*\) \(lib[^ ]*\)$/  {"\2", (void *) \&\2},/p'\'' -e '\''s/^[ABCDGIRSTW]* \([^ ]*\) \([^ ]*\)$/  {"lib\2", (void *) \&\2},/p'\'''
lt_cv_sys_global_symbol_to_cdecl='sed -n -e '\''s/^T .* \(.*\)$/extern int \1();/p'\'' -e '\''s/^[ABCDGIRSTW]* .* \(.*\)$/extern char \1;/p'\'''
lt_cv_sys_max_cmd_len=1572864
lt_cv_sys_symbol_underscore=no
lt_cv_to_host_file_cmd=func_convert_file_noop
lt_cv_to_tool_file_cmd=func_convert_file_noop

## ----------------- ##
## Output variables. ##
## ----------------- ##

ACLOCAL='${SHELL} /home/akira_asakura/src/cppcodefragments/missing aclocal-1.13'
AMDEPBACKSLASH='\'
AMDEP_FALSE='#'
AMDEP_TRUE=''
AMTAR='$${TAR-tar}'
AM_BACKSLASH='\'
AM_DEFAULT_V='$(AM_DEFAULT_VERBOSITY)'
AM_DEFAULT_VERBOSITY='1'
AM_V='$(V)'
AR='ar'
ARGZ_H=''
AUTOCONF='${SHELL} /home/akira_asakura/src/cppcodefragments/missing autoconf'
AUTOHEADER='${SHELL} /home/akira_asakura/src/cppcodefragments/missing autoheader'
AUTOMAKE='${SHELL} /home/akira_asakura/src/cppcodefragments/missing automake-1.13'
AWK='gawk'
CC='gcc'
CCDEPMODE='depmode=gcc3'
CFLAGS='-g -O2'
CONVENIENCE_LTDL_FALSE='#'
CONVENIENCE_LTDL_TRUE=''
CPP='gcc -E'
CPPFLAGS=''
CXX='g++'
CXXCPP='g++ -E'
CXXDEPMODE='depmode=gcc3'
CXXFLAGS='-g -O2'
CYGPATH_W='echo'
DEFS='-DHAVE_CONFIG_H'
DEPDIR='.deps'
DLLTOOL='false'
DSYMUTIL=''
DUMPBIN=''
ECHO_C=''
ECHO_N='-n'
ECHO_T=''
EGREP='/usr/bin/grep -E'
EXEEXT=''
FGREP='/usr/bin/grep -F'
GREP='/usr/bin/grep'
INCLTDL=''
INSTALL_DATA='${INSTALL} -m 644'
INSTALL_LTDL_FALSE=''
INSTALL_LTDL_TRUE='#'
INSTALL_PROGRAM='${INSTALL}'
INSTALL_SCRIPT='${INSTALL}'
INSTALL_STRIP_PROGRAM='$(install_sh) -c -s'
LD='/usr/bin/ld -m elf_x86_64'
LDFLAGS=''
LIBADD_DL='-ldl '
LIBADD_DLD_LINK=''
LIBADD_DLOPEN='-ldl'
LIBADD_SHL_LOAD=''
LIBLTDL='-lltdl'
LIBOBJS=''
LIBS='-ldl '
LIBTOOL='$(SHELL) $(top_builddir)/libtool'
LIPO=''
LN_S='ln -s'
LTDLDEPS=''
LTDLINCL=''
LTDLOPEN='libltdl'
LTLIBOBJS=''
LT_CONFIG_H='config.h'
LT_DLLOADERS=' libltdl/dlopen.la'
LT_DLPREOPEN='-dlpreopen libltdl/dlopen.la '
MAKEINFO='${SHELL} /home/akira_asakura/src/cppcodefragments/missing makeinfo'
MANIFEST_TOOL=':'
MKDIR_P='/usr/bin/mkdir -p'
NM='/usr/bin/nm -B'
NMEDIT=''
OBJDUMP='objdump'
OBJEXT='o'
OTOOL64=''
OTOOL=''
PACKAGE='cppcodefragments'
PACKAGE_BUGREPORT='asakura@kbd.biglobe.ne.jp'
PACKAGE_NAME='cppcodefragments'
PACKAGE_STRING='cppcodefragments 1.0'
PACKAGE_TARNAME='cppcodefragments'
PACKAGE_URL=''
PACKAGE_VERSION='1.0'
PATH_SEPARATOR=':'
RANLIB='ranlib'
SED='/usr/bin/sed'
SET_MAKE=''
SHELL='/bin/sh'
STRIP='strip'
VERSION='1.0'
ac_ct_AR='ar'
ac_ct_CC='gcc'
ac_ct_CXX='g++'
ac_ct_DUMPBIN=''
am__EXEEXT_FALSE=''
am__EXEEXT_TRUE='#'
am__fastdepCC_FALSE='#'
am__fastdepCC_TRUE=''
am__fastdepCXX_FALSE='#'
am__fastdepCXX_TRUE=''
am__include='include'
am__isrc=''
am__leading_dot='.'
am__nodep='_no'
am__quote=''
am__tar='$${TAR-tar} chof - "$$tardir"'
am__untar='$${TAR-tar} xf -'
bindir='${exec_prefix}/bin'
build='x86_64-unknown-linux-gnu'
build_alias=''
build_cpu='x86_64'
build_os='linux-gnu'
build_vendor='unknown'
datadir='${datarootdir}'
datarootdir='${prefix}/share'
docdir='${datarootdir}/doc/${PACKAGE_TARNAME}'
dvidir='${docdir}'
exec_prefix='${prefix}'
host='x86_64-unknown-linux-gnu'
host_alias=''
host_cpu='x86_64'
host_os='linux-gnu'
host_vendor='unknown'
htmldir='${docdir}'
includedir='${prefix}/include'
infodir='${datarootdir}/info'
install_sh='${SHELL} /home/akira_asakura/src/cppcodefragments/install-sh'
libdir='${exec_prefix}/lib'
libexecdir='${exec_prefix}/libexec'
localedir='${datarootdir}/locale'
localstatedir='${prefix}/var'
ltdl_LIBOBJS=' lt__strl.o'
ltdl_LTLIBOBJS=' lt__strl.lo'
mandir='${datarootdir}/man'
mkdir_p='$(MKDIR_P)'
oldincludedir='/usr/include'
pdfdir='${docdir}'
prefix='/usr/local'
program_transform_name='s,x,x,'
psdir='${docdir}'
sbindir='${exec_prefix}/sbin'
sharedstatedir='${prefix}/com'
subdirs=' libltdl'
sys_symbol_underscore='no'
sysconfdir='${prefix}/etc'
target_alias=''

## ----------- ##
## confdefs.h. ##
## ----------- ##

/* confdefs.h */
#define PACKAGE_NAME "cppcodefragments"
#define PACKAGE_TARNAME "cppcodefragments"
#define PACKAGE_VERSION "1.0"
#define PACKAGE_STRING "cppcodefragments 1.0"
#define PACKAGE_BUGREPORT "asakura@kbd.biglobe.ne.jp"
#define PACKAGE_URL ""
#define STDC_HEADERS 1
#define HAVE_SYS_TYPES_H 1
#define HAVE_SYS_STAT_H 1
#define HAVE_STDLIB_H 1
#define HAVE_STRING_H 1
#define HAVE_MEMORY_H 1
#define HAVE_STRINGS_H 1
#define HAVE_INTTYPES_H 1
#define HAVE_STDINT_H 1
#define HAVE_UNISTD_H 1
#define HAVE_DLFCN_H 1
#define LT_OBJDIR ".libs/"
#define LT_MODULE_EXT ".so"
#define LT_MODULE_PATH_VAR "LD_LIBRARY_PATH"
#define LT_DLSEARCH_PATH "/lib64:/usr/lib64:/lib:/usr/lib:/usr/lib64//bind9-export/:/usr/lib64/dyninst:/usr/lib64/iscsi:/usr/local/lib64:/usr/lib64/mysql:/usr/lib64/qt-3.3/lib"
#define HAVE_LIBDL 1
#define HAVE_DLERROR 1
#define HAVE_LIBDLLOADER 1
#define HAVE_ARGZ_H 1
#define HAVE_ERROR_T 1
#define HAVE_ARGZ_ADD 1
#define HAVE_ARGZ_APPEND 1
#define HAVE_ARGZ_COUNT 1
#define HAVE_ARGZ_CREATE_SEP 1
#define HAVE_ARGZ_INSERT 1
#define HAVE_ARGZ_NEXT 1
#define HAVE_ARGZ_STRINGIFY 1
#define HAVE_WORKING_ARGZ 1
#define HAVE_PRELOADED_SYMBOLS 1
#define HAVE_LTDL 1
#define HAVE_UNISTD_H 1
#define HAVE_DIRENT_H 1
#define HAVE_CLOSEDIR 1
#define HAVE_OPENDIR 1
#define HAVE_READDIR 1
#define LT_LIBEXT "a"
#define LT_LIBPREFIX "lib"
#define PACKAGE "cppcodefragments"
#define VERSION "1.0"
#define HAVE__BOOL 1

configure: exit 0
